Using pre-set license
Built from '2020.3/staging' branch; Version is '2020.3.9f1 (108be757e447) revision 1084391'; Using compiler version '192528614'; Build Type 'Release'
OS: 'Windows 10 Pro; OS build 19042.1165; Version 2009; 64bit' Language: 'ko' Physical Memory: 16163 MB
BatchMode: 1, IsHumanControllingUs: 0, StartBugReporterOnCrash: 0, Is64bit: 1, IsPro: 0

 COMMAND LINE ARGUMENTS:
C:\Program Files\Unity\Hub\Editor\2020.3.9f1\Editor\Unity.exe
-adb2
-batchMode
-noUpm
-name
AssetImportWorker0
-projectPath
C:/Users/user/Desktop/Study/Unity/ZzapRun
-logFile
Logs/AssetImportWorker0.log
-srvPort
61351
Successfully changed project path to: C:/Users/user/Desktop/Study/Unity/ZzapRun
C:/Users/user/Desktop/Study/Unity/ZzapRun
Using Asset Import Pipeline V2.
Refreshing native plugins compatible for Editor in 89.16 ms, found 1 plugins.
Preloading 0 native plugins for Editor in 0.00 ms.
Initialize engine version: 2020.3.9f1 (108be757e447)
[Subsystems] Discovering subsystems at path C:/Program Files/Unity/Hub/Editor/2020.3.9f1/Editor/Data/Resources/UnitySubsystems
[Subsystems] Discovering subsystems at path C:/Users/user/Desktop/Study/Unity/ZzapRun/Assets
GfxDevice: creating device client; threaded=0
Direct3D:
    Version:  Direct3D 11.0 [level 11.1]
    Renderer: Intel(R) UHD Graphics (ID=0x9b41)
    Vendor:   
    VRAM:     8081 MB
    Driver:   26.20.100.7463
Initialize mono
Mono path[0] = 'C:/Program Files/Unity/Hub/Editor/2020.3.9f1/Editor/Data/Managed'
Mono path[1] = 'C:/Program Files/Unity/Hub/Editor/2020.3.9f1/Editor/Data/MonoBleedingEdge/lib/mono/unityjit'
Mono config path = 'C:/Program Files/Unity/Hub/Editor/2020.3.9f1/Editor/Data/MonoBleedingEdge/etc'
Using monoOptions --debugger-agent=transport=dt_socket,embedding=1,server=y,suspend=n,address=127.0.0.1:56504
Begin MonoManager ReloadAssembly
Registering precompiled unity dll's ...
Register platform support module: C:/Program Files/Unity/Hub/Editor/2020.3.9f1/Editor/Data/PlaybackEngines/WindowsStandaloneSupport/UnityEditor.WindowsStandalone.Extensions.dll
Registered in 0.005803 seconds.
Native extension for WindowsStandalone target not found
Refreshing native plugins compatible for Editor in 115.20 ms, found 1 plugins.
Preloading 0 native plugins for Editor in 0.00 ms.
Mono: successfully reloaded assembly
- Completed reload, in  4.746 seconds
Platform modules already initialized, skipping
Registering precompiled user dll's ...
Registered in 0.002118 seconds.
Begin MonoManager ReloadAssembly
Native extension for WindowsStandalone target not found
Refreshing native plugins compatible for Editor in 105.15 ms, found 1 plugins.
Preloading 0 native plugins for Editor in 0.00 ms.
Mono: successfully reloaded assembly
- Completed reload, in  2.399 seconds
Platform modules already initialized, skipping
========================================================================
Worker process is ready to serve import requests
Launched and connected shader compiler UnityShaderCompiler.exe after 0.09 seconds
Refreshing native plugins compatible for Editor in 0.75 ms, found 1 plugins.
Preloading 0 native plugins for Editor in 0.00 ms.
Unloading 1843 Unused Serialized files (Serialized files now loaded: 0)
System memory in use before: 86.5 MB.
System memory in use after: 86.5 MB.

Unloading 24 unused Assets to reduce memory usage. Loaded Objects now: 2286.
Total: 4.954200 ms (FindLiveObjects: 0.378400 ms CreateObjectMapping: 0.159000 ms MarkObjects: 4.133700 ms  DeleteObjects: 0.280600 ms)

========================================================================
Received Import Request.
  path: Assets/Sprite
  artifactKey: Guid(7522d746062948e4fadf0b6cfc6e7312) Importer(815301076,1909f56bfc062723c751e8b465ee728b)
Start importing Assets/Sprite using Guid(7522d746062948e4fadf0b6cfc6e7312) Importer(815301076,1909f56bfc062723c751e8b465ee728b)  -> (artifact id: 'dcae02662956e602f22ef2ab5a452b96') in 0.028679 seconds
  Import took 0.037165 seconds .

========================================================================
Received Import Request.
  Time since last request: 51.675380 seconds.
  path: Assets/Sprite/2148.png_300.png
  artifactKey: Guid(085a84b10ede76b48ab1fd19af7aeed3) Importer(815301076,1909f56bfc062723c751e8b465ee728b)
Start importing Assets/Sprite/2148.png_300.png using Guid(085a84b10ede76b48ab1fd19af7aeed3) Importer(815301076,1909f56bfc062723c751e8b465ee728b)  -> (artifact id: '2fc8268b651e161d12d4e80f796b9801') in 0.233284 seconds
  Import took 0.241031 seconds .

========================================================================
Received Import Request.
  Time since last request: 623.233281 seconds.
  path: Assets/Sprite/Background.mat
  artifactKey: Guid(52f60541ebc2cec438a5e3221f750971) Importer(815301076,1909f56bfc062723c751e8b465ee728b)
Start importing Assets/Sprite/Background.mat using Guid(52f60541ebc2cec438a5e3221f750971) Importer(815301076,1909f56bfc062723c751e8b465ee728b)  -> (artifact id: 'fb470fd27e268dbfeda0a30e81f3add5') in 0.210304 seconds
  Import took 0.224273 seconds .

========================================================================
Received Import Request.
  Time since last request: 255.843556 seconds.
  path: Assets/Sprite/forest.png
  artifactKey: Guid(085a84b10ede76b48ab1fd19af7aeed3) Importer(815301076,1909f56bfc062723c751e8b465ee728b)
Start importing Assets/Sprite/forest.png using Guid(085a84b10ede76b48ab1fd19af7aeed3) Importer(815301076,1909f56bfc062723c751e8b465ee728b)  -> (artifact id: '90fdd94480fae11ee9b9f225b5555905') in 0.037336 seconds
  Import took 0.044978 seconds .

========================================================================
Received Import Request.
  Time since last request: 378.736363 seconds.
  path: Assets/Tilemap/Platform.asset
  artifactKey: Guid(6e82e950756b8f744ae54cd4f6b97c35) Importer(815301076,1909f56bfc062723c751e8b465ee728b)
Start importing Assets/Tilemap/Platform.asset using Guid(6e82e950756b8f744ae54cd4f6b97c35) Importer(815301076,1909f56bfc062723c751e8b465ee728b)  -> (artifact id: '636a2571232c9908f7080d0ec1d5504a') in 0.106536 seconds
  Import took 0.119698 seconds .

========================================================================
Received Prepare
Registering precompiled user dll's ...
Registered in 0.001254 seconds.
Begin MonoManager ReloadAssembly
Native extension for WindowsStandalone target not found
Refreshing native plugins compatible for Editor in 0.73 ms, found 1 plugins.
Preloading 0 native plugins for Editor in 0.00 ms.
Mono: successfully reloaded assembly
- Completed reload, in  2.459 seconds
Platform modules already initialized, skipping
Refreshing native plugins compatible for Editor in 0.58 ms, found 1 plugins.
Preloading 0 native plugins for Editor in 0.00 ms.
Unloading 1837 Unused Serialized files (Serialized files now loaded: 0)
System memory in use before: 89.7 MB.
System memory in use after: 89.7 MB.

Unloading 12 unused Assets to reduce memory usage. Loaded Objects now: 2336.
Total: 3.015000 ms (FindLiveObjects: 0.242500 ms CreateObjectMapping: 0.089300 ms MarkObjects: 2.532600 ms  DeleteObjects: 0.149100 ms)

========================================================================
Received Import Request.
  Time since last request: 54.045619 seconds.
  path: Assets/Sprite/forest.png
  artifactKey: Guid(085a84b10ede76b48ab1fd19af7aeed3) Importer(815301076,1909f56bfc062723c751e8b465ee728b)
Start importing Assets/Sprite/forest.png using Guid(085a84b10ede76b48ab1fd19af7aeed3) Importer(815301076,1909f56bfc062723c751e8b465ee728b)  -> (artifact id: '27049b593565a42f3ab71afde34b2d29') in 0.111898 seconds
  Import took 0.118608 seconds .

========================================================================
Received Import Request.
  Time since last request: 222.865192 seconds.
  path: Assets/Sprite/forest.png
  artifactKey: Guid(085a84b10ede76b48ab1fd19af7aeed3) Importer(815301076,1909f56bfc062723c751e8b465ee728b)
Start importing Assets/Sprite/forest.png using Guid(085a84b10ede76b48ab1fd19af7aeed3) Importer(815301076,1909f56bfc062723c751e8b465ee728b)  -> (artifact id: '83ff790563d86ca26eb64c97cdb069f3') in 0.044474 seconds
  Import took 0.051050 seconds .

========================================================================
Received Import Request.
  Time since last request: 95.331579 seconds.
  path: Assets/Sprite/Sprites/Background.png
  artifactKey: Guid(9a42819e01a41df46b24117e989c640a) Importer(815301076,1909f56bfc062723c751e8b465ee728b)
Start importing Assets/Sprite/Sprites/Background.png using Guid(9a42819e01a41df46b24117e989c640a) Importer(815301076,1909f56bfc062723c751e8b465ee728b)  -> (artifact id: '7de33323669aa8cde562d9e865708504') in 0.044776 seconds
  Import took 0.055079 seconds .

========================================================================
Received Import Request.
  Time since last request: 0.002798 seconds.
  path: Assets/Sprite/Sprites/Background.png
  artifactKey: Guid(9a42819e01a41df46b24117e989c640a) Importer(815301076,1909f56bfc062723c751e8b465ee728b)
Start importing Assets/Sprite/Sprites/Background.png using Guid(9a42819e01a41df46b24117e989c640a) Importer(815301076,1909f56bfc062723c751e8b465ee728b)  -> (artifact id: '7de33323669aa8cde562d9e865708504') in 0.025366 seconds
  Import took 0.032715 seconds .

========================================================================
Received Import Request.
  Time since last request: 14.931132 seconds.
  path: Assets/Sprite/AssatSprites
  artifactKey: Guid(d35022487eaac8945aa36ed98707fea2) Importer(815301076,1909f56bfc062723c751e8b465ee728b)
Start importing Assets/Sprite/AssatSprites using Guid(d35022487eaac8945aa36ed98707fea2) Importer(815301076,1909f56bfc062723c751e8b465ee728b)  -> (artifact id: '8ae7e0b6f8adfc967c6e44d10cb7c96b') in 0.023164 seconds
  Import took 0.030267 seconds .

========================================================================
Received Import Request.
  Time since last request: 100.434564 seconds.
  path: Assets/Sprite/Background.png
  artifactKey: Guid(9a42819e01a41df46b24117e989c640a) Importer(815301076,1909f56bfc062723c751e8b465ee728b)
Start importing Assets/Sprite/Background.png using Guid(9a42819e01a41df46b24117e989c640a) Importer(815301076,1909f56bfc062723c751e8b465ee728b)  -> (artifact id: 'ea7a2c33455b626a6bca474d328464e0') in 0.070342 seconds
  Import took 0.082479 seconds .

========================================================================
Received Prepare
Registering precompiled user dll's ...
Registered in 0.002659 seconds.
Begin MonoManager ReloadAssembly
Native extension for WindowsStandalone target not found
Refreshing native plugins compatible for Editor in 1.16 ms, found 1 plugins.
Preloading 0 native plugins for Editor in 0.00 ms.
Mono: successfully reloaded assembly
- Completed reload, in  2.494 seconds
Platform modules already initialized, skipping
Refreshing native plugins compatible for Editor in 0.90 ms, found 1 plugins.
Preloading 0 native plugins for Editor in 0.00 ms.
Unloading 1837 Unused Serialized files (Serialized files now loaded: 0)
System memory in use before: 89.8 MB.
System memory in use after: 89.8 MB.

Unloading 12 unused Assets to reduce memory usage. Loaded Objects now: 2345.
Total: 5.739800 ms (FindLiveObjects: 0.582600 ms CreateObjectMapping: 0.186100 ms MarkObjects: 4.706000 ms  DeleteObjects: 0.262700 ms)

========================================================================
Received Import Request.
  Time since last request: 145.624284 seconds.
  path: Assets/Scripts/PlayerController.cs
  artifactKey: Guid(de1f3a5a3727778409255ef3653a7076) Importer(815301076,1909f56bfc062723c751e8b465ee728b)
Start importing Assets/Scripts/PlayerController.cs using Guid(de1f3a5a3727778409255ef3653a7076) Importer(815301076,1909f56bfc062723c751e8b465ee728b)  -> (artifact id: '3815eb6025e03ef402483490449b6607') in 0.024694 seconds
  Import took 0.030692 seconds .

========================================================================
Received Prepare
Registering precompiled user dll's ...
Registered in 0.001255 seconds.
Begin MonoManager ReloadAssembly
Native extension for WindowsStandalone target not found
Refreshing native plugins compatible for Editor in 0.73 ms, found 1 plugins.
Preloading 0 native plugins for Editor in 0.00 ms.
Mono: successfully reloaded assembly
- Completed reload, in  2.031 seconds
Platform modules already initialized, skipping
Refreshing native plugins compatible for Editor in 1.25 ms, found 1 plugins.
Preloading 0 native plugins for Editor in 0.00 ms.
Unloading 1837 Unused Serialized files (Serialized files now loaded: 0)
System memory in use before: 89.8 MB.
System memory in use after: 89.8 MB.

Unloading 12 unused Assets to reduce memory usage. Loaded Objects now: 2349.
Total: 5.760100 ms (FindLiveObjects: 0.468700 ms CreateObjectMapping: 0.190800 ms MarkObjects: 4.809400 ms  DeleteObjects: 0.288900 ms)

========================================================================
Received Import Request.
  Time since last request: 128.249364 seconds.
  path: Assets/Scripts/PlayerController.cs
  artifactKey: Guid(de1f3a5a3727778409255ef3653a7076) Importer(815301076,1909f56bfc062723c751e8b465ee728b)
Start importing Assets/Scripts/PlayerController.cs using Guid(de1f3a5a3727778409255ef3653a7076) Importer(815301076,1909f56bfc062723c751e8b465ee728b)  -> (artifact id: '1a192a551f07cbbcba79b94a467740ea') in 0.024204 seconds
  Import took 0.033940 seconds .

========================================================================
Received Prepare
Registering precompiled user dll's ...
Registered in 0.001523 seconds.
Begin MonoManager ReloadAssembly
Native extension for WindowsStandalone target not found
Refreshing native plugins compatible for Editor in 0.51 ms, found 1 plugins.
Preloading 0 native plugins for Editor in 0.00 ms.
Mono: successfully reloaded assembly
- Completed reload, in  2.243 seconds
Platform modules already initialized, skipping
Refreshing native plugins compatible for Editor in 1.39 ms, found 1 plugins.
Preloading 0 native plugins for Editor in 0.00 ms.
Unloading 1838 Unused Serialized files (Serialized files now loaded: 0)
System memory in use before: 89.8 MB.
System memory in use after: 89.8 MB.

Unloading 12 unused Assets to reduce memory usage. Loaded Objects now: 2354.
Total: 6.014400 ms (FindLiveObjects: 0.483800 ms CreateObjectMapping: 0.192200 ms MarkObjects: 5.047600 ms  DeleteObjects: 0.287700 ms)

========================================================================
Received Import Request.
  Time since last request: 30.524390 seconds.
  path: Assets/Scripts/BackgroundScroll.cs
  artifactKey: Guid(308e0666e8460b44396cf9a6bc862d54) Importer(815301076,1909f56bfc062723c751e8b465ee728b)
Start importing Assets/Scripts/BackgroundScroll.cs using Guid(308e0666e8460b44396cf9a6bc862d54) Importer(815301076,1909f56bfc062723c751e8b465ee728b)  -> (artifact id: '380743b5ad1809c3563b5c589211c91f') in 0.029811 seconds
  Import took 0.039033 seconds .

========================================================================
Received Import Request.
  Time since last request: 21.874122 seconds.
  path: Assets/Scripts/ItemGenerator.cs
  artifactKey: Guid(d57b3ff153a69eb448b92010ad0bb313) Importer(815301076,1909f56bfc062723c751e8b465ee728b)
Start importing Assets/Scripts/ItemGenerator.cs using Guid(d57b3ff153a69eb448b92010ad0bb313) Importer(815301076,1909f56bfc062723c751e8b465ee728b)  -> (artifact id: '2ad8ef64ea07739225f25460f63d7459') in 0.015566 seconds
  Import took 0.021411 seconds .

========================================================================
Received Prepare
Registering precompiled user dll's ...
Registered in 0.001841 seconds.
Begin MonoManager ReloadAssembly
Native extension for WindowsStandalone target not found
Refreshing native plugins compatible for Editor in 0.77 ms, found 1 plugins.
Preloading 0 native plugins for Editor in 0.00 ms.
Mono: successfully reloaded assembly
- Completed reload, in  1.783 seconds
Platform modules already initialized, skipping
Refreshing native plugins compatible for Editor in 0.80 ms, found 1 plugins.
Preloading 0 native plugins for Editor in 0.00 ms.
Unloading 1838 Unused Serialized files (Serialized files now loaded: 0)
System memory in use before: 89.9 MB.
System memory in use after: 89.8 MB.

Unloading 12 unused Assets to reduce memory usage. Loaded Objects now: 2358.
Total: 4.947000 ms (FindLiveObjects: 0.393600 ms CreateObjectMapping: 0.148100 ms MarkObjects: 4.152100 ms  DeleteObjects: 0.251300 ms)

========================================================================
Received Import Request.
  Time since last request: 694.265917 seconds.
  path: Assets/Scripts/BackgroundScroll.cs
  artifactKey: Guid(308e0666e8460b44396cf9a6bc862d54) Importer(815301076,1909f56bfc062723c751e8b465ee728b)
Start importing Assets/Scripts/BackgroundScroll.cs using Guid(308e0666e8460b44396cf9a6bc862d54) Importer(815301076,1909f56bfc062723c751e8b465ee728b)  -> (artifact id: '120a847fb2425a03057c10fef0003f26') in 0.013528 seconds
  Import took 0.021203 seconds .

========================================================================
Received Prepare
Registering precompiled user dll's ...
Registered in 0.003131 seconds.
Begin MonoManager ReloadAssembly
Native extension for WindowsStandalone target not found
Refreshing native plugins compatible for Editor in 0.90 ms, found 1 plugins.
Preloading 0 native plugins for Editor in 0.00 ms.
Mono: successfully reloaded assembly
- Completed reload, in  2.360 seconds
Platform modules already initialized, skipping
Refreshing native plugins compatible for Editor in 0.73 ms, found 1 plugins.
Preloading 0 native plugins for Editor in 0.00 ms.
Unloading 1838 Unused Serialized files (Serialized files now loaded: 0)
System memory in use before: 89.9 MB.
System memory in use after: 89.8 MB.

Unloading 12 unused Assets to reduce memory usage. Loaded Objects now: 2362.
Total: 5.835600 ms (FindLiveObjects: 0.486600 ms CreateObjectMapping: 0.190500 ms MarkObjects: 4.864700 ms  DeleteObjects: 0.291100 ms)

========================================================================
Received Prepare
Registering precompiled user dll's ...
Registered in 0.002254 seconds.
Begin MonoManager ReloadAssembly
Native extension for WindowsStandalone target not found
Refreshing native plugins compatible for Editor in 1.69 ms, found 1 plugins.
Preloading 0 native plugins for Editor in 0.00 ms.
Mono: successfully reloaded assembly
- Completed reload, in  2.988 seconds
Platform modules already initialized, skipping
Refreshing native plugins compatible for Editor in 1.04 ms, found 1 plugins.
Preloading 0 native plugins for Editor in 0.00 ms.
Unloading 1838 Unused Serialized files (Serialized files now loaded: 0)
System memory in use before: 89.9 MB.
System memory in use after: 89.9 MB.

Unloading 12 unused Assets to reduce memory usage. Loaded Objects now: 2366.
Total: 7.047400 ms (FindLiveObjects: 0.525300 ms CreateObjectMapping: 0.238900 ms MarkObjects: 6.089800 ms  DeleteObjects: 0.189900 ms)

AssetImportWorkerClient::OnTransportError - code=2 error=End of file
